{
  "stats": {
    "suites": 1,
    "tests": 2,
    "passes": 2,
    "pending": 0,
    "failures": 0,
    "start": "2025-01-15T20:15:11.818Z",
    "end": "2025-01-15T20:15:12.635Z",
    "duration": 817,
    "testsRegistered": 2,
    "passPercent": 100,
    "pendingPercent": 0,
    "other": 0,
    "hasOther": false,
    "skipped": 0,
    "hasSkipped": false
  },
  "results": [
    {
      "uuid": "8a0a53e3-9fe6-4f76-85c2-42ebb5161b07",
      "title": "",
      "fullFile": "cypress\\e2e\\pet\\delete_pet.cy.js",
      "file": "cypress\\e2e\\pet\\delete_pet.cy.js",
      "beforeHooks": [],
      "afterHooks": [],
      "tests": [],
      "suites": [
        {
          "uuid": "9ff3386a-bf68-49a2-9130-1208c89a07ed",
          "title": "Pet - Delete Pet by ID",
          "fullFile": "",
          "file": "",
          "beforeHooks": [],
          "afterHooks": [],
          "tests": [
            {
              "title": "should delete pet by valid ID",
              "fullTitle": "Pet - Delete Pet by ID should delete pet by valid ID",
              "timedOut": null,
              "duration": 371,
              "state": "passed",
              "speed": "fast",
              "pass": true,
              "fail": false,
              "pending": false,
              "context": null,
              "code": "cy.request('DELETE', '/pet/12345').then(response => {\n  expect(response.status).to.eq(200);\n});",
              "err": {},
              "uuid": "1f2dae3a-6f5c-40c7-a3db-4bedf8d9a565",
              "parentUUID": "9ff3386a-bf68-49a2-9130-1208c89a07ed",
              "isHook": false,
              "skipped": false
            },
            {
              "title": "should return 404 for non-existent ID",
              "fullTitle": "Pet - Delete Pet by ID should return 404 for non-existent ID",
              "timedOut": null,
              "duration": 336,
              "state": "passed",
              "speed": "fast",
              "pass": true,
              "fail": false,
              "pending": false,
              "context": null,
              "code": "cy.request({\n  method: 'DELETE',\n  url: '/pet/99999',\n  failOnStatusCode: false\n}).then(response => {\n  expect(response.status).to.eq(404);\n});",
              "err": {},
              "uuid": "396a382e-2126-4146-a7d7-813d1e1599ca",
              "parentUUID": "9ff3386a-bf68-49a2-9130-1208c89a07ed",
              "isHook": false,
              "skipped": false
            }
          ],
          "suites": [],
          "passes": [
            "1f2dae3a-6f5c-40c7-a3db-4bedf8d9a565",
            "396a382e-2126-4146-a7d7-813d1e1599ca"
          ],
          "failures": [],
          "pending": [],
          "skipped": [],
          "duration": 707,
          "root": false,
          "rootEmpty": false,
          "_timeout": 2000
        }
      ],
      "passes": [],
      "failures": [],
      "pending": [],
      "skipped": [],
      "duration": 0,
      "root": true,
      "rootEmpty": true,
      "_timeout": 2000
    }
  ],
  "meta": {
    "mocha": {
      "version": "7.0.1"
    },
    "mochawesome": {
      "options": {
        "quiet": false,
        "reportFilename": "mochawesome",
        "saveHtml": false,
        "saveJson": true,
        "consoleReporter": "spec",
        "useInlineDiffs": false,
        "code": true
      },
      "version": "7.1.3"
    },
    "marge": {
      "options": {
        "reportDir": "cypress/reports",
        "overwrite": false,
        "html": false,
        "json": true
      },
      "version": "6.2.0"
    }
  }
}