{
  "stats": {
    "suites": 1,
    "tests": 2,
    "passes": 2,
    "pending": 0,
    "failures": 0,
    "start": "2025-01-15T20:15:21.415Z",
    "end": "2025-01-15T20:15:22.235Z",
    "duration": 820,
    "testsRegistered": 2,
    "passPercent": 100,
    "pendingPercent": 0,
    "other": 0,
    "hasOther": false,
    "skipped": 0,
    "hasSkipped": false
  },
  "results": [
    {
      "uuid": "46550299-4c48-475c-abbd-10c77a681dc1",
      "title": "",
      "fullFile": "cypress\\e2e\\pet\\get_pet.cy.js",
      "file": "cypress\\e2e\\pet\\get_pet.cy.js",
      "beforeHooks": [],
      "afterHooks": [],
      "tests": [],
      "suites": [
        {
          "uuid": "07a6055d-c409-4fc2-bc8d-b33f96932fb8",
          "title": "Pet - Get Pet by ID",
          "fullFile": "",
          "file": "",
          "beforeHooks": [],
          "afterHooks": [],
          "tests": [
            {
              "title": "should retrieve pet by valid ID",
              "fullTitle": "Pet - Get Pet by ID should retrieve pet by valid ID",
              "timedOut": null,
              "duration": 377,
              "state": "passed",
              "speed": "fast",
              "pass": true,
              "fail": false,
              "pending": false,
              "context": null,
              "code": "cy.request('GET', '/pet/12345').then(response => {\n  expect(response.status).to.eq(200);\n  expect(response.body.id).to.eq(12345);\n});",
              "err": {},
              "uuid": "247b6c46-d52b-4921-9a11-ea47348da7df",
              "parentUUID": "07a6055d-c409-4fc2-bc8d-b33f96932fb8",
              "isHook": false,
              "skipped": false
            },
            {
              "title": "should return 404 for non-existent ID",
              "fullTitle": "Pet - Get Pet by ID should return 404 for non-existent ID",
              "timedOut": null,
              "duration": 319,
              "state": "passed",
              "speed": "fast",
              "pass": true,
              "fail": false,
              "pending": false,
              "context": null,
              "code": "cy.request({\n  method: 'GET',\n  url: '/pet/99999',\n  failOnStatusCode: false\n}).then(response => {\n  expect(response.status).to.eq(404);\n});",
              "err": {},
              "uuid": "053bf41c-d009-4933-badb-39a3f41c93da",
              "parentUUID": "07a6055d-c409-4fc2-bc8d-b33f96932fb8",
              "isHook": false,
              "skipped": false
            }
          ],
          "suites": [],
          "passes": [
            "247b6c46-d52b-4921-9a11-ea47348da7df",
            "053bf41c-d009-4933-badb-39a3f41c93da"
          ],
          "failures": [],
          "pending": [],
          "skipped": [],
          "duration": 696,
          "root": false,
          "rootEmpty": false,
          "_timeout": 2000
        }
      ],
      "passes": [],
      "failures": [],
      "pending": [],
      "skipped": [],
      "duration": 0,
      "root": true,
      "rootEmpty": true,
      "_timeout": 2000
    }
  ],
  "meta": {
    "mocha": {
      "version": "7.0.1"
    },
    "mochawesome": {
      "options": {
        "quiet": false,
        "reportFilename": "mochawesome",
        "saveHtml": false,
        "saveJson": true,
        "consoleReporter": "spec",
        "useInlineDiffs": false,
        "code": true
      },
      "version": "7.1.3"
    },
    "marge": {
      "options": {
        "reportDir": "cypress/reports",
        "overwrite": false,
        "html": false,
        "json": true
      },
      "version": "6.2.0"
    }
  }
}