{
  "stats": {
    "suites": 1,
    "tests": 2,
    "passes": 2,
    "pending": 0,
    "failures": 0,
    "start": "2025-01-15T20:16:04.428Z",
    "end": "2025-01-15T20:16:05.628Z",
    "duration": 1200,
    "testsRegistered": 2,
    "passPercent": 100,
    "pendingPercent": 0,
    "other": 0,
    "hasOther": false,
    "skipped": 0,
    "hasSkipped": false
  },
  "results": [
    {
      "uuid": "dfaa1273-5b10-40f6-aefe-e324e061d8c3",
      "title": "",
      "fullFile": "cypress\\e2e\\user\\login_logout.cy.js",
      "file": "cypress\\e2e\\user\\login_logout.cy.js",
      "beforeHooks": [],
      "afterHooks": [],
      "tests": [],
      "suites": [
        {
          "uuid": "c74f0bef-cf58-4f56-833f-188920a5d2db",
          "title": "User - Login and Logout",
          "fullFile": "",
          "file": "",
          "beforeHooks": [],
          "afterHooks": [],
          "tests": [
            {
              "title": "should login successfully",
              "fullTitle": "User - Login and Logout should login successfully",
              "timedOut": null,
              "duration": 374,
              "state": "passed",
              "speed": "fast",
              "pass": true,
              "fail": false,
              "pending": false,
              "context": null,
              "code": "cy.request('GET', '/user/login', {\n  qs: {\n    username: 'user1',\n    password: 'Test123'\n  }\n}).then(response => {\n  expect(response.status).to.eq(200);\n  expect(response.body.message).to.include('logged in user session');\n});",
              "err": {},
              "uuid": "280d54bf-60e1-430f-8eb7-41cc6ff39f4a",
              "parentUUID": "c74f0bef-cf58-4f56-833f-188920a5d2db",
              "isHook": false,
              "skipped": false
            },
            {
              "title": "should logout successfully",
              "fullTitle": "User - Login and Logout should logout successfully",
              "timedOut": null,
              "duration": 695,
              "state": "passed",
              "speed": "fast",
              "pass": true,
              "fail": false,
              "pending": false,
              "context": null,
              "code": "cy.request('GET', '/user/logout').then(response => {\n  expect(response.status).to.eq(200);\n});",
              "err": {},
              "uuid": "16c152fc-0dcb-4f9b-bb3e-dfb569c941e1",
              "parentUUID": "c74f0bef-cf58-4f56-833f-188920a5d2db",
              "isHook": false,
              "skipped": false
            }
          ],
          "suites": [],
          "passes": [
            "280d54bf-60e1-430f-8eb7-41cc6ff39f4a",
            "16c152fc-0dcb-4f9b-bb3e-dfb569c941e1"
          ],
          "failures": [],
          "pending": [],
          "skipped": [],
          "duration": 1069,
          "root": false,
          "rootEmpty": false,
          "_timeout": 2000
        }
      ],
      "passes": [],
      "failures": [],
      "pending": [],
      "skipped": [],
      "duration": 0,
      "root": true,
      "rootEmpty": true,
      "_timeout": 2000
    }
  ],
  "meta": {
    "mocha": {
      "version": "7.0.1"
    },
    "mochawesome": {
      "options": {
        "quiet": false,
        "reportFilename": "mochawesome",
        "saveHtml": false,
        "saveJson": true,
        "consoleReporter": "spec",
        "useInlineDiffs": false,
        "code": true
      },
      "version": "7.1.3"
    },
    "marge": {
      "options": {
        "reportDir": "cypress/reports",
        "overwrite": false,
        "html": false,
        "json": true
      },
      "version": "6.2.0"
    }
  }
}