{
  "stats": {
    "suites": 1,
    "tests": 2,
    "passes": 2,
    "pending": 0,
    "failures": 0,
    "start": "2025-01-15T20:15:30.441Z",
    "end": "2025-01-15T20:15:31.243Z",
    "duration": 802,
    "testsRegistered": 2,
    "passPercent": 100,
    "pendingPercent": 0,
    "other": 0,
    "hasOther": false,
    "skipped": 0,
    "hasSkipped": false
  },
  "results": [
    {
      "uuid": "3835c50d-5381-4bf9-9fb6-6abc46ab60a3",
      "title": "",
      "fullFile": "cypress\\e2e\\store\\delete_order.cy.js",
      "file": "cypress\\e2e\\store\\delete_order.cy.js",
      "beforeHooks": [],
      "afterHooks": [],
      "tests": [],
      "suites": [
        {
          "uuid": "b6b1a170-5695-4389-81e5-9b3093105648",
          "title": "Store - Delete Order",
          "fullFile": "",
          "file": "",
          "beforeHooks": [],
          "afterHooks": [],
          "tests": [
            {
              "title": "should delete an existing order",
              "fullTitle": "Store - Delete Order should delete an existing order",
              "timedOut": null,
              "duration": 351,
              "state": "passed",
              "speed": "fast",
              "pass": true,
              "fail": false,
              "pending": false,
              "context": null,
              "code": "cy.request('DELETE', '/store/order/4').then(response => {\n  expect(response.status).to.eq(200);\n});",
              "err": {},
              "uuid": "16685498-1461-46a6-80b4-0d32b4c95c34",
              "parentUUID": "b6b1a170-5695-4389-81e5-9b3093105648",
              "isHook": false,
              "skipped": false
            },
            {
              "title": "should return 404 when deleting a non-existent order",
              "fullTitle": "Store - Delete Order should return 404 when deleting a non-existent order",
              "timedOut": null,
              "duration": 315,
              "state": "passed",
              "speed": "fast",
              "pass": true,
              "fail": false,
              "pending": false,
              "context": null,
              "code": "cy.request({\n  method: 'DELETE',\n  url: '/store/order/99999',\n  failOnStatusCode: false\n}).then(response => {\n  expect(response.status).to.eq(404);\n});",
              "err": {},
              "uuid": "1ac1584e-83b6-4255-a786-782703f3573b",
              "parentUUID": "b6b1a170-5695-4389-81e5-9b3093105648",
              "isHook": false,
              "skipped": false
            }
          ],
          "suites": [],
          "passes": [
            "16685498-1461-46a6-80b4-0d32b4c95c34",
            "1ac1584e-83b6-4255-a786-782703f3573b"
          ],
          "failures": [],
          "pending": [],
          "skipped": [],
          "duration": 666,
          "root": false,
          "rootEmpty": false,
          "_timeout": 2000
        }
      ],
      "passes": [],
      "failures": [],
      "pending": [],
      "skipped": [],
      "duration": 0,
      "root": true,
      "rootEmpty": true,
      "_timeout": 2000
    }
  ],
  "meta": {
    "mocha": {
      "version": "7.0.1"
    },
    "mochawesome": {
      "options": {
        "quiet": false,
        "reportFilename": "mochawesome",
        "saveHtml": false,
        "saveJson": true,
        "consoleReporter": "spec",
        "useInlineDiffs": false,
        "code": true
      },
      "version": "7.1.3"
    },
    "marge": {
      "options": {
        "reportDir": "cypress/reports",
        "overwrite": false,
        "html": false,
        "json": true
      },
      "version": "6.2.0"
    }
  }
}