{
  "stats": {
    "suites": 1,
    "tests": 2,
    "passes": 1,
    "pending": 0,
    "failures": 1,
    "start": "2025-01-15T20:15:16.648Z",
    "end": "2025-01-15T20:15:17.962Z",
    "duration": 1314,
    "testsRegistered": 2,
    "passPercent": 50,
    "pendingPercent": 0,
    "other": 0,
    "hasOther": false,
    "skipped": 0,
    "hasSkipped": false
  },
  "results": [
    {
      "uuid": "cb271b71-94ba-4b1e-98f5-0434a71e108a",
      "title": "",
      "fullFile": "cypress\\e2e\\pet\\find_pet_by_status.cy.js",
      "file": "cypress\\e2e\\pet\\find_pet_by_status.cy.js",
      "beforeHooks": [],
      "afterHooks": [],
      "tests": [],
      "suites": [
        {
          "uuid": "0613963c-ad4c-4d3b-b46e-00e2f7adeb24",
          "title": "Pet - Find Pets by Status",
          "fullFile": "",
          "file": "",
          "beforeHooks": [],
          "afterHooks": [],
          "tests": [
            {
              "title": "should find pets by valid status",
              "fullTitle": "Pet - Find Pets by Status should find pets by valid status",
              "timedOut": null,
              "duration": 629,
              "state": "passed",
              "speed": "fast",
              "pass": true,
              "fail": false,
              "pending": false,
              "context": null,
              "code": "cy.request('GET', '/pet/findByStatus?status=available').then(response => {\n  expect(response.status).to.eq(200);\n  expect(response.body).to.be.an('array');\n});",
              "err": {},
              "uuid": "64d03151-4f1e-4be1-91ce-fb4ac99a1ecc",
              "parentUUID": "0613963c-ad4c-4d3b-b46e-00e2f7adeb24",
              "isHook": false,
              "skipped": false
            },
            {
              "title": "should return 400 for invalid status value",
              "fullTitle": "Pet - Find Pets by Status should return 400 for invalid status value",
              "timedOut": null,
              "duration": 483,
              "state": "failed",
              "speed": null,
              "pass": false,
              "fail": true,
              "pending": false,
              "context": null,
              "code": "cy.request({\n  method: 'GET',\n  url: '/pet/findByStatus?status=invalidstatus',\n  failOnStatusCode: false\n}).then(response => {\n  expect(response.status).to.eq(400);\n});",
              "err": {
                "message": "AssertionError: expected 200 to equal 400",
                "estack": "AssertionError: expected 200 to equal 400\n    at Context.eval (webpack://petstore-cypress-tests/./cypress/e2e/pet/find_pet_by_status.cy.js:15:35)",
                "diff": "- 200\n+ 400\n"
              },
              "uuid": "3530bd83-de0a-4357-a5f7-a1007de86f41",
              "parentUUID": "0613963c-ad4c-4d3b-b46e-00e2f7adeb24",
              "isHook": false,
              "skipped": false
            }
          ],
          "suites": [],
          "passes": [
            "64d03151-4f1e-4be1-91ce-fb4ac99a1ecc"
          ],
          "failures": [
            "3530bd83-de0a-4357-a5f7-a1007de86f41"
          ],
          "pending": [],
          "skipped": [],
          "duration": 1112,
          "root": false,
          "rootEmpty": false,
          "_timeout": 2000
        }
      ],
      "passes": [],
      "failures": [],
      "pending": [],
      "skipped": [],
      "duration": 0,
      "root": true,
      "rootEmpty": true,
      "_timeout": 2000
    }
  ],
  "meta": {
    "mocha": {
      "version": "7.0.1"
    },
    "mochawesome": {
      "options": {
        "quiet": false,
        "reportFilename": "mochawesome",
        "saveHtml": false,
        "saveJson": true,
        "consoleReporter": "spec",
        "useInlineDiffs": false,
        "code": true
      },
      "version": "7.1.3"
    },
    "marge": {
      "options": {
        "reportDir": "cypress/reports",
        "overwrite": false,
        "html": false,
        "json": true
      },
      "version": "6.2.0"
    }
  }
}