{
  "stats": {
    "suites": 1,
    "tests": 2,
    "passes": 1,
    "pending": 0,
    "failures": 1,
    "start": "2025-01-15T20:15:42.883Z",
    "end": "2025-01-15T20:15:43.779Z",
    "duration": 896,
    "testsRegistered": 2,
    "passPercent": 50,
    "pendingPercent": 0,
    "other": 0,
    "hasOther": false,
    "skipped": 0,
    "hasSkipped": false
  },
  "results": [
    {
      "uuid": "e1952b40-a1e7-4dd5-b2a9-14f1d7cc7e66",
      "title": "",
      "fullFile": "cypress\\e2e\\store\\place_order.cy.js",
      "file": "cypress\\e2e\\store\\place_order.cy.js",
      "beforeHooks": [],
      "afterHooks": [],
      "tests": [],
      "suites": [
        {
          "uuid": "8fb419af-2805-4046-a3a3-2a6040cd5bad",
          "title": "Store - Place Order",
          "fullFile": "",
          "file": "",
          "beforeHooks": [],
          "afterHooks": [],
          "tests": [
            {
              "title": "should place a valid order",
              "fullTitle": "Store - Place Order should place a valid order",
              "timedOut": null,
              "duration": 210,
              "state": "passed",
              "speed": "fast",
              "pass": true,
              "fail": false,
              "pending": false,
              "context": null,
              "code": "cy.request('POST', '/store/order', {\n  id: 1,\n  petId: 12345,\n  quantity: 2,\n  shipDate: new Date().toISOString(),\n  status: 'placed',\n  complete: true\n}).then(response => {\n  expect(response.status).to.eq(200);\n  expect(response.body.status).to.eq('placed');\n});",
              "err": {},
              "uuid": "e6ddefdc-e22f-499e-8640-09b6608a5d96",
              "parentUUID": "8fb419af-2805-4046-a3a3-2a6040cd5bad",
              "isHook": false,
              "skipped": false
            },
            {
              "title": "should return 400 or 422 for invalid order data",
              "fullTitle": "Store - Place Order should return 400 or 422 for invalid order data",
              "timedOut": null,
              "duration": 482,
              "state": "failed",
              "speed": null,
              "pass": false,
              "fail": true,
              "pending": false,
              "context": null,
              "code": "cy.request({\n  method: 'POST',\n  url: '/store/order',\n  failOnStatusCode: false,\n  body: {\n    id: 2,\n    quantity: 0,\n    shipDate: new Date().toISOString(),\n    complete: false\n  }\n}).then(response => {\n  expect([400, 422]).to.include(response.status);\n});",
              "err": {
                "message": "AssertionError: expected [ 400, 422 ] to include 200",
                "estack": "AssertionError: expected [ 400, 422 ] to include 200\n    at Context.eval (webpack://petstore-cypress-tests/./cypress/e2e/store/place_order.cy.js:28:28)",
                "diff": null
              },
              "uuid": "7bd15372-7a79-4208-8c9c-fda35a5931f3",
              "parentUUID": "8fb419af-2805-4046-a3a3-2a6040cd5bad",
              "isHook": false,
              "skipped": false
            }
          ],
          "suites": [],
          "passes": [
            "e6ddefdc-e22f-499e-8640-09b6608a5d96"
          ],
          "failures": [
            "7bd15372-7a79-4208-8c9c-fda35a5931f3"
          ],
          "pending": [],
          "skipped": [],
          "duration": 692,
          "root": false,
          "rootEmpty": false,
          "_timeout": 2000
        }
      ],
      "passes": [],
      "failures": [],
      "pending": [],
      "skipped": [],
      "duration": 0,
      "root": true,
      "rootEmpty": true,
      "_timeout": 2000
    }
  ],
  "meta": {
    "mocha": {
      "version": "7.0.1"
    },
    "mochawesome": {
      "options": {
        "quiet": false,
        "reportFilename": "mochawesome",
        "saveHtml": false,
        "saveJson": true,
        "consoleReporter": "spec",
        "useInlineDiffs": false,
        "code": true
      },
      "version": "7.1.3"
    },
    "marge": {
      "options": {
        "reportDir": "cypress/reports",
        "overwrite": false,
        "html": false,
        "json": true
      },
      "version": "6.2.0"
    }
  }
}