{
  "stats": {
    "suites": 1,
    "tests": 2,
    "passes": 2,
    "pending": 0,
    "failures": 0,
    "start": "2025-01-15T20:15:55.571Z",
    "end": "2025-01-15T20:15:56.473Z",
    "duration": 902,
    "testsRegistered": 2,
    "passPercent": 100,
    "pendingPercent": 0,
    "other": 0,
    "hasOther": false,
    "skipped": 0,
    "hasSkipped": false
  },
  "results": [
    {
      "uuid": "fd8f4341-33fb-458d-9efe-493fa591ab7a",
      "title": "",
      "fullFile": "cypress\\e2e\\user\\delete_user.cy.js",
      "file": "cypress\\e2e\\user\\delete_user.cy.js",
      "beforeHooks": [],
      "afterHooks": [],
      "tests": [],
      "suites": [
        {
          "uuid": "9e97d979-cc33-4a66-9991-a8c02d498a5c",
          "title": "User - Delete User",
          "fullFile": "",
          "file": "",
          "beforeHooks": [],
          "afterHooks": [],
          "tests": [
            {
              "title": "should delete user by username",
              "fullTitle": "User - Delete User should delete user by username",
              "timedOut": null,
              "duration": 384,
              "state": "passed",
              "speed": "fast",
              "pass": true,
              "fail": false,
              "pending": false,
              "context": null,
              "code": "cy.request('DELETE', '/user/user1').then(response => {\n  expect(response.status).to.eq(200);\n});",
              "err": {},
              "uuid": "dbae8e28-3d1a-45dc-aa8e-e9542b823530",
              "parentUUID": "9e97d979-cc33-4a66-9991-a8c02d498a5c",
              "isHook": false,
              "skipped": false
            },
            {
              "title": "should return 404 when deleting non-existent user",
              "fullTitle": "User - Delete User should return 404 when deleting non-existent user",
              "timedOut": null,
              "duration": 334,
              "state": "passed",
              "speed": "fast",
              "pass": true,
              "fail": false,
              "pending": false,
              "context": null,
              "code": "cy.request({\n  method: 'DELETE',\n  url: '/user/nonexistentuser',\n  failOnStatusCode: false\n}).then(response => {\n  expect(response.status).to.eq(404);\n});",
              "err": {},
              "uuid": "731749af-9ac1-427d-ae6c-76bb4e207d2d",
              "parentUUID": "9e97d979-cc33-4a66-9991-a8c02d498a5c",
              "isHook": false,
              "skipped": false
            }
          ],
          "suites": [],
          "passes": [
            "dbae8e28-3d1a-45dc-aa8e-e9542b823530",
            "731749af-9ac1-427d-ae6c-76bb4e207d2d"
          ],
          "failures": [],
          "pending": [],
          "skipped": [],
          "duration": 718,
          "root": false,
          "rootEmpty": false,
          "_timeout": 2000
        }
      ],
      "passes": [],
      "failures": [],
      "pending": [],
      "skipped": [],
      "duration": 0,
      "root": true,
      "rootEmpty": true,
      "_timeout": 2000
    }
  ],
  "meta": {
    "mocha": {
      "version": "7.0.1"
    },
    "mochawesome": {
      "options": {
        "quiet": false,
        "reportFilename": "mochawesome",
        "saveHtml": false,
        "saveJson": true,
        "consoleReporter": "spec",
        "useInlineDiffs": false,
        "code": true
      },
      "version": "7.1.3"
    },
    "marge": {
      "options": {
        "reportDir": "cypress/reports",
        "overwrite": false,
        "html": false,
        "json": true
      },
      "version": "6.2.0"
    }
  }
}