{
  "stats": {
    "suites": 1,
    "tests": 1,
    "passes": 1,
    "pending": 0,
    "failures": 0,
    "start": "2025-01-15T20:15:51.400Z",
    "end": "2025-01-15T20:15:51.683Z",
    "duration": 283,
    "testsRegistered": 1,
    "passPercent": 100,
    "pendingPercent": 0,
    "other": 0,
    "hasOther": false,
    "skipped": 0,
    "hasSkipped": false
  },
  "results": [
    {
      "uuid": "aef157d1-d1ed-46b4-9804-7ef6afc41246",
      "title": "",
      "fullFile": "cypress\\e2e\\user\\create_users_array.cy.js",
      "file": "cypress\\e2e\\user\\create_users_array.cy.js",
      "beforeHooks": [],
      "afterHooks": [],
      "tests": [],
      "suites": [
        {
          "uuid": "c0ac2686-6273-4e2f-9754-99a74c9bef10",
          "title": "User - Create Users with Array",
          "fullFile": "",
          "file": "",
          "beforeHooks": [],
          "afterHooks": [],
          "tests": [
            {
              "title": "should create multiple users using array",
              "fullTitle": "User - Create Users with Array should create multiple users using array",
              "timedOut": null,
              "duration": 222,
              "state": "passed",
              "speed": "fast",
              "pass": true,
              "fail": false,
              "pending": false,
              "context": null,
              "code": "cy.request('POST', '/user/createWithArray', [{\n  id: 1002,\n  username: 'user2',\n  firstName: 'Alice',\n  lastName: 'Smith',\n  email: 'alice@example.com',\n  password: 'Pass123',\n  phone: '555-5678',\n  userStatus: 1\n}, {\n  id: 1003,\n  username: 'user3',\n  firstName: 'Bob',\n  lastName: 'Williams',\n  email: 'bob@example.com',\n  password: 'Pass123',\n  phone: '555-9876',\n  userStatus: 0\n}]).then(response => {\n  expect(response.status).to.eq(200);\n});",
              "err": {},
              "uuid": "8a448b83-a3fc-4b8e-8105-2b14a9e4c299",
              "parentUUID": "c0ac2686-6273-4e2f-9754-99a74c9bef10",
              "isHook": false,
              "skipped": false
            }
          ],
          "suites": [],
          "passes": [
            "8a448b83-a3fc-4b8e-8105-2b14a9e4c299"
          ],
          "failures": [],
          "pending": [],
          "skipped": [],
          "duration": 222,
          "root": false,
          "rootEmpty": false,
          "_timeout": 2000
        }
      ],
      "passes": [],
      "failures": [],
      "pending": [],
      "skipped": [],
      "duration": 0,
      "root": true,
      "rootEmpty": true,
      "_timeout": 2000
    }
  ],
  "meta": {
    "mocha": {
      "version": "7.0.1"
    },
    "mochawesome": {
      "options": {
        "quiet": false,
        "reportFilename": "mochawesome",
        "saveHtml": false,
        "saveJson": true,
        "consoleReporter": "spec",
        "useInlineDiffs": false,
        "code": true
      },
      "version": "7.1.3"
    },
    "marge": {
      "options": {
        "reportDir": "cypress/reports",
        "overwrite": false,
        "html": false,
        "json": true
      },
      "version": "6.2.0"
    }
  }
}