{
  "stats": {
    "suites": 1,
    "tests": 1,
    "passes": 1,
    "pending": 0,
    "failures": 0,
    "start": "2025-01-15T20:15:47.200Z",
    "end": "2025-01-15T20:15:47.481Z",
    "duration": 281,
    "testsRegistered": 1,
    "passPercent": 100,
    "pendingPercent": 0,
    "other": 0,
    "hasOther": false,
    "skipped": 0,
    "hasSkipped": false
  },
  "results": [
    {
      "uuid": "09138086-f98a-4940-a1d5-2957f94cc96a",
      "title": "",
      "fullFile": "cypress\\e2e\\user\\create_user.cy.js",
      "file": "cypress\\e2e\\user\\create_user.cy.js",
      "beforeHooks": [],
      "afterHooks": [],
      "tests": [],
      "suites": [
        {
          "uuid": "24e1bc6a-e891-4397-ac00-f7e24387440a",
          "title": "User - Create Single User",
          "fullFile": "",
          "file": "",
          "beforeHooks": [],
          "afterHooks": [],
          "tests": [
            {
              "title": "should create a single user successfully",
              "fullTitle": "User - Create Single User should create a single user successfully",
              "timedOut": null,
              "duration": 230,
              "state": "passed",
              "speed": "fast",
              "pass": true,
              "fail": false,
              "pending": false,
              "context": null,
              "code": "cy.request('POST', '/user', {\n  id: 1001,\n  username: 'user1',\n  firstName: 'John',\n  lastName: 'Doe',\n  email: 'john.doe@example.com',\n  password: 'Test123',\n  phone: '555-1234',\n  userStatus: 1\n}).then(response => {\n  expect(response.status).to.eq(200);\n});",
              "err": {},
              "uuid": "607a6ad0-4d9e-480b-a432-bf8c6298b257",
              "parentUUID": "24e1bc6a-e891-4397-ac00-f7e24387440a",
              "isHook": false,
              "skipped": false
            }
          ],
          "suites": [],
          "passes": [
            "607a6ad0-4d9e-480b-a432-bf8c6298b257"
          ],
          "failures": [],
          "pending": [],
          "skipped": [],
          "duration": 230,
          "root": false,
          "rootEmpty": false,
          "_timeout": 2000
        }
      ],
      "passes": [],
      "failures": [],
      "pending": [],
      "skipped": [],
      "duration": 0,
      "root": true,
      "rootEmpty": true,
      "_timeout": 2000
    }
  ],
  "meta": {
    "mocha": {
      "version": "7.0.1"
    },
    "mochawesome": {
      "options": {
        "quiet": false,
        "reportFilename": "mochawesome",
        "saveHtml": false,
        "saveJson": true,
        "consoleReporter": "spec",
        "useInlineDiffs": false,
        "code": true
      },
      "version": "7.1.3"
    },
    "marge": {
      "options": {
        "reportDir": "cypress/reports",
        "overwrite": false,
        "html": false,
        "json": true
      },
      "version": "6.2.0"
    }
  }
}