{
  "stats": {
    "suites": 1,
    "tests": 1,
    "passes": 1,
    "pending": 0,
    "failures": 0,
    "start": "2025-01-15T20:15:38.718Z",
    "end": "2025-01-15T20:15:39.000Z",
    "duration": 282,
    "testsRegistered": 1,
    "passPercent": 100,
    "pendingPercent": 0,
    "other": 0,
    "hasOther": false,
    "skipped": 0,
    "hasSkipped": false
  },
  "results": [
    {
      "uuid": "64921c3c-3f16-42f3-8d95-800cceefa5c6",
      "title": "",
      "fullFile": "cypress\\e2e\\store\\inventory.cy.js",
      "file": "cypress\\e2e\\store\\inventory.cy.js",
      "beforeHooks": [],
      "afterHooks": [],
      "tests": [],
      "suites": [
        {
          "uuid": "c36708eb-083d-4a75-aa88-5e12ec6bff75",
          "title": "Store - Inventory Operations",
          "fullFile": "",
          "file": "",
          "beforeHooks": [],
          "afterHooks": [],
          "tests": [
            {
              "title": "should retrieve inventory data",
              "fullTitle": "Store - Inventory Operations should retrieve inventory data",
              "timedOut": null,
              "duration": 227,
              "state": "passed",
              "speed": "fast",
              "pass": true,
              "fail": false,
              "pending": false,
              "context": null,
              "code": "cy.request('GET', '/store/inventory').then(response => {\n  expect(response.status).to.eq(200);\n  expect(response.body).to.have.property('sold');\n});",
              "err": {},
              "uuid": "b33c183e-a3af-47a5-ad09-d16b4011916f",
              "parentUUID": "c36708eb-083d-4a75-aa88-5e12ec6bff75",
              "isHook": false,
              "skipped": false
            }
          ],
          "suites": [],
          "passes": [
            "b33c183e-a3af-47a5-ad09-d16b4011916f"
          ],
          "failures": [],
          "pending": [],
          "skipped": [],
          "duration": 227,
          "root": false,
          "rootEmpty": false,
          "_timeout": 2000
        }
      ],
      "passes": [],
      "failures": [],
      "pending": [],
      "skipped": [],
      "duration": 0,
      "root": true,
      "rootEmpty": true,
      "_timeout": 2000
    }
  ],
  "meta": {
    "mocha": {
      "version": "7.0.1"
    },
    "mochawesome": {
      "options": {
        "quiet": false,
        "reportFilename": "mochawesome",
        "saveHtml": false,
        "saveJson": true,
        "consoleReporter": "spec",
        "useInlineDiffs": false,
        "code": true
      },
      "version": "7.1.3"
    },
    "marge": {
      "options": {
        "reportDir": "cypress/reports",
        "overwrite": false,
        "html": false,
        "json": true
      },
      "version": "6.2.0"
    }
  }
}