{
  "stats": {
    "suites": 1,
    "tests": 1,
    "passes": 1,
    "pending": 0,
    "failures": 0,
    "start": "2025-01-15T20:16:08.976Z",
    "end": "2025-01-15T20:16:09.434Z",
    "duration": 458,
    "testsRegistered": 1,
    "passPercent": 100,
    "pendingPercent": 0,
    "other": 0,
    "hasOther": false,
    "skipped": 0,
    "hasSkipped": false
  },
  "results": [
    {
      "uuid": "845f173c-e9a0-4e17-a28a-b028b1cad52e",
      "title": "",
      "fullFile": "cypress\\e2e\\user\\update_user.cy.js",
      "file": "cypress\\e2e\\user\\update_user.cy.js",
      "beforeHooks": [],
      "afterHooks": [],
      "tests": [],
      "suites": [
        {
          "uuid": "bc082939-aac2-4529-9400-0d3694cf8616",
          "title": "User - Update User",
          "fullFile": "",
          "file": "",
          "beforeHooks": [],
          "afterHooks": [],
          "tests": [
            {
              "title": "should update user information",
              "fullTitle": "User - Update User should update user information",
              "timedOut": null,
              "duration": 403,
              "state": "passed",
              "speed": "fast",
              "pass": true,
              "fail": false,
              "pending": false,
              "context": null,
              "code": "cy.request('PUT', '/user/user1', {\n  id: 1001,\n  username: 'user1',\n  firstName: 'John Updated',\n  lastName: 'Doe Updated',\n  email: 'john_updated@example.com',\n  password: 'NewPass123',\n  phone: '555-0000',\n  userStatus: 1\n}).then(response => {\n  expect(response.status).to.eq(200);\n});",
              "err": {},
              "uuid": "623b6ef9-7093-4867-8a94-ce04b028f124",
              "parentUUID": "bc082939-aac2-4529-9400-0d3694cf8616",
              "isHook": false,
              "skipped": false
            }
          ],
          "suites": [],
          "passes": [
            "623b6ef9-7093-4867-8a94-ce04b028f124"
          ],
          "failures": [],
          "pending": [],
          "skipped": [],
          "duration": 403,
          "root": false,
          "rootEmpty": false,
          "_timeout": 2000
        }
      ],
      "passes": [],
      "failures": [],
      "pending": [],
      "skipped": [],
      "duration": 0,
      "root": true,
      "rootEmpty": true,
      "_timeout": 2000
    }
  ],
  "meta": {
    "mocha": {
      "version": "7.0.1"
    },
    "mochawesome": {
      "options": {
        "quiet": false,
        "reportFilename": "mochawesome",
        "saveHtml": false,
        "saveJson": true,
        "consoleReporter": "spec",
        "useInlineDiffs": false,
        "code": true
      },
      "version": "7.1.3"
    },
    "marge": {
      "options": {
        "reportDir": "cypress/reports",
        "overwrite": false,
        "html": false,
        "json": true
      },
      "version": "6.2.0"
    }
  }
}